# JRE version: OpenJDK Runtime Environment AdoptOpenJDK (11.0.9+11) (build 11.0.9+11)
# Java VM: OpenJDK 64-Bit Server VM AdoptOpenJDK (11.0.9+11, mixed mode, tiered, compressed oops, parallel gc, bsd-amd64)
Heap:
 PSYoungGen      total 7680K, used 5631K [0x00000007eab00000, 0x00000007ecf00000, 0x0000000800000000)
  eden space 2048K, 0% used [0x00000007eab00000,0x00000007eab00000,0x00000007ead00000)
  from space 5632K, 99% used [0x00000007eb980000,0x00000007ebeffe70,0x00000007ebf00000)
  to   space 12800K, 0% used [0x00000007ead00000,0x00000007ead00000,0x00000007eb980000)
 ParOldGen       total 122368K, used 121605K [0x00000007c0000000, 0x00000007c7780000, 0x00000007eab00000)
  object space 122368K, 99% used [0x00000007c0000000,0x00000007c76c1598,0x00000007c7780000)
 Metaspace       used 68726K, capacity 71740K, committed 72192K, reserved 1114112K
  class space    used 6318K, capacity 7372K, committed 7424K, reserved 1048576K
GC Heap History (20 events):
Event: 10181.488 GC heap after
{Heap after GC invocations=390 (full 9):
 PSYoungGen      total 7680K, used 576K [0x00000007eab00000, 0x00000007eb400000, 0x0000000800000000)
  eden space 6656K, 0% used [0x00000007eab00000,0x00000007eab00000,0x00000007eb180000)
  from space 1024K, 56% used [0x00000007eb180000,0x00000007eb210000,0x00000007eb280000)
  to   space 1024K, 0% used [0x00000007eb300000,0x00000007eb300000,0x00000007eb400000)
 ParOldGen       total 122368K, used 102336K [0x00000007c0000000, 0x00000007c7780000, 0x00000007eab00000)
  object space 122368K, 83% used [0x00000007c0000000,0x00000007c63f00c0,0x00000007c7780000)
 Metaspace       used 68702K, capacity 71739K, committed 72192K, reserved 1114112K
  class space    used 6317K, capacity 7372K, committed 7424K, reserved 1048576K
}
Event: 10260.013 GC heap before
{Heap before GC invocations=391 (full 9):
 PSYoungGen      total 7680K, used 7232K [0x00000007eab00000, 0x00000007eb400000, 0x0000000800000000)
  eden space 6656K, 100% used [0x00000007eab00000,0x00000007eb180000,0x00000007eb180000)
  from space 1024K, 56% used [0x00000007eb180000,0x00000007eb210000,0x00000007eb280000)
  to   space 1024K, 0% used [0x00000007eb300000,0x00000007eb300000,0x00000007eb400000)
 ParOldGen       total 122368K, used 102336K [0x00000007c0000000, 0x00000007c7780000, 0x00000007eab00000)
  object space 122368K, 83% used [0x00000007c0000000,0x00000007c63f00c0,0x00000007c7780000)
 Metaspace       used 68716K, capacity 71740K, committed 72192K, reserved 1114112K
  class space    used 6318K, capacity 7372K, committed 7424K, reserved 1048576K
}
Event: 10260.026 GC heap after
{Heap after GC invocations=391 (full 9):
 PSYoungGen      total 7168K, used 160K [0x00000007eab00000, 0x00000007eb380000, 0x0000000800000000)
  eden space 6656K, 0% used [0x00000007eab00000,0x00000007eab00000,0x00000007eb180000)
  from space 512K, 31% used [0x00000007eb300000,0x00000007eb328000,0x00000007eb380000)
  to   space 512K, 0% used [0x00000007eb280000,0x00000007eb280000,0x00000007eb300000)
 ParOldGen       total 122368K, used 102824K [0x00000007c0000000, 0x00000007c7780000, 0x00000007eab00000)
  object space 122368K, 84% used [0x00000007c0000000,0x00000007c646a090,0x00000007c7780000)
 Metaspace       used 68716K, capacity 71740K, committed 72192K, reserved 1114112K
  class space    used 6318K, capacity 7372K, committed 7424K, reserved 1048576K
}
Event: 10260.068 GC heap before
{Heap before GC invocations=392 (full 9):
 PSYoungGen      total 7168K, used 6816K [0x00000007eab00000, 0x00000007eb380000, 0x0000000800000000)
  eden space 6656K, 100% used [0x00000007eab00000,0x00000007eb180000,0x00000007eb180000)
  from space 512K, 31% used [0x00000007eb300000,0x00000007eb328000,0x00000007eb380000)
  to   space 512K, 0% used [0x00000007eb280000,0x00000007eb280000,0x00000007eb300000)
 ParOldGen       total 122368K, used 102824K [0x00000007c0000000, 0x00000007c7780000, 0x00000007eab00000)
  object space 122368K, 84% used [0x00000007c0000000,0x00000007c646a090,0x00000007c7780000)
 Metaspace       used 68716K, capacity 71740K, committed 72192K, reserved 1114112K
  class space    used 6318K, capacity 7372K, committed 7424K, reserved 1048576K
}
Event: 10260.134 GC heap after
{Heap after GC invocations=392 (full 9):
 PSYoungGen      total 8192K, used 495K [0x00000007eab00000, 0x00000007ec300000, 0x0000000800000000)
  eden space 7680K, 0% used [0x00000007eab00000,0x00000007eab00000,0x00000007eb280000)
  from space 512K, 96% used [0x00000007eb280000,0x00000007eb2fbf50,0x00000007eb300000)
  to   space 8192K, 0% used [0x00000007ebb00000,0x00000007ebb00000,0x00000007ec300000)
 ParOldGen       total 122368K, used 109022K [0x00000007c0000000, 0x00000007c7780000, 0x00000007eab00000)
  object space 122368K, 89% used [0x00000007c0000000,0x00000007c6a77a20,0x00000007c7780000)
 Metaspace       used 68716K, capacity 71740K, committed 72192K, reserved 1114112K
  class space    used 6318K, capacity 7372K, committed 7424K, reserved 1048576K
}
Event: 10260.229 GC heap before
{Heap before GC invocations=393 (full 9):
 PSYoungGen      total 8192K, used 8175K [0x00000007eab00000, 0x00000007ec300000, 0x0000000800000000)
  eden space 7680K, 100% used [0x00000007eab00000,0x00000007eb280000,0x00000007eb280000)
  from space 512K, 96% used [0x00000007eb280000,0x00000007eb2fbf50,0x00000007eb300000)
  to   space 8192K, 0% used [0x00000007ebb00000,0x00000007ebb00000,0x00000007ec300000)
 ParOldGen       total 122368K, used 109022K [0x00000007c0000000, 0x00000007c7780000, 0x00000007eab00000)
  object space 122368K, 89% used [0x00000007c0000000,0x00000007c6a77a20,0x00000007c7780000)
 Metaspace       used 68720K, capacity 71740K, committed 72192K, reserved 1114112K
  class space    used 6318K, capacity 7372K, committed 7424K, reserved 1048576K
}
Event: 10260.234 GC heap after
{Heap after GC invocations=393 (full 9):
 PSYoungGen      total 10752K, used 1426K [0x00000007eab00000, 0x00000007ebc80000, 0x0000000800000000)
  eden space 9216K, 0% used [0x00000007eab00000,0x00000007eab00000,0x00000007eb400000)
  from space 1536K, 92% used [0x00000007ebb00000,0x00000007ebc64940,0x00000007ebc80000)
  to   space 3584K, 0% used [0x00000007eb580000,0x00000007eb580000,0x00000007eb900000)
 ParOldGen       total 122368K, used 109078K [0x00000007c0000000, 0x00000007c7780000, 0x00000007eab00000)
  object space 122368K, 89% used [0x00000007c0000000,0x00000007c6a85a20,0x00000007c7780000)
 Metaspace       used 68720K, capacity 71740K, committed 72192K, reserved 1114112K
  class space    used 6318K, capacity 7372K, committed 7424K, reserved 1048576K
}
Event: 10260.288 GC heap before
{Heap before GC invocations=394 (full 9):
 PSYoungGen      total 10752K, used 10642K [0x00000007eab00000, 0x00000007ebc80000, 0x0000000800000000)
  eden space 9216K, 100% used [0x00000007eab00000,0x00000007eb400000,0x00000007eb400000)
  from space 1536K, 92% used [0x00000007ebb00000,0x00000007ebc64940,0x00000007ebc80000)
  to   space 3584K, 0% used [0x00000007eb580000,0x00000007eb580000,0x00000007eb900000)
 ParOldGen       total 122368K, used 109078K [0x00000007c0000000, 0x00000007c7780000, 0x00000007eab00000)
  object space 122368K, 89% used [0x00000007c0000000,0x00000007c6a85a20,0x00000007c7780000)
 Metaspace       used 68720K, capacity 71740K, committed 72192K, reserved 1114112K
  class space    used 6318K, capacity 7372K, committed 7424K, reserved 1048576K
}
Event: 10260.300 GC heap after
{Heap after GC invocations=394 (full 9):
 PSYoungGen      total 14336K, used 64K [0x00000007eab00000, 0x00000007ebb80000, 0x0000000800000000)
  eden space 10752K, 0% used [0x00000007eab00000,0x00000007eab00000,0x00000007eb580000)
  from space 3584K, 1% used [0x00000007eb580000,0x00000007eb590000,0x00000007eb900000)
  to   space 1024K, 0% used [0x00000007eba80000,0x00000007eba80000,0x00000007ebb80000)
 ParOldGen       total 122368K, used 110442K [0x00000007c0000000, 0x00000007c7780000, 0x00000007eab00000)
  object space 122368K, 90% used [0x00000007c0000000,0x00000007c6bda860,0x00000007c7780000)
 Metaspace       used 68720K, capacity 71740K, committed 72192K, reserved 1114112K
  class space    used 6318K, capacity 7372K, committed 7424K, reserved 1048576K
}
Event: 10260.688 GC heap before
{Heap before GC invocations=395 (full 9):
 PSYoungGen      total 14336K, used 10816K [0x00000007eab00000, 0x00000007ebb80000, 0x0000000800000000)
  eden space 10752K, 100% used [0x00000007eab00000,0x00000007eb580000,0x00000007eb580000)
  from space 3584K, 1% used [0x00000007eb580000,0x00000007eb590000,0x00000007eb900000)
  to   space 1024K, 0% used [0x00000007eba80000,0x00000007eba80000,0x00000007ebb80000)
 ParOldGen       total 122368K, used 110442K [0x00000007c0000000, 0x00000007c7780000, 0x00000007eab00000)
  object space 122368K, 90% used [0x00000007c0000000,0x00000007c6bda860,0x00000007c7780000)
 Metaspace       used 68722K, capacity 71740K, committed 72192K, reserved 1114112K
  class space    used 6318K, capacity 7372K, committed 7424K, reserved 1048576K
}
Event: 10260.690 GC heap after
{Heap after GC invocations=395 (full 9):
 PSYoungGen      total 11776K, used 720K [0x00000007eab00000, 0x00000007ebb80000, 0x0000000800000000)
  eden space 10752K, 0% used [0x00000007eab00000,0x00000007eab00000,0x00000007eb580000)
  from space 1024K, 70% used [0x00000007eba80000,0x00000007ebb34010,0x00000007ebb80000)
  to   space 1024K, 0% used [0x00000007eb980000,0x00000007eb980000,0x00000007eba80000)
 ParOldGen       total 122368K, used 110458K [0x00000007c0000000, 0x00000007c7780000, 0x00000007eab00000)
  object space 122368K, 90% used [0x00000007c0000000,0x00000007c6bde860,0x00000007c7780000)
 Metaspace       used 68722K, capacity 71740K, committed 72192K, reserved 1114112K
  class space    used 6318K, capacity 7372K, committed 7424K, reserved 1048576K
}
Event: 10260.741 GC heap before
{Heap before GC invocations=396 (full 9):
 PSYoungGen      total 11776K, used 11472K [0x00000007eab00000, 0x00000007ebb80000, 0x0000000800000000)
  eden space 10752K, 100% used [0x00000007eab00000,0x00000007eb580000,0x00000007eb580000)
  from space 1024K, 70% used [0x00000007eba80000,0x00000007ebb34010,0x00000007ebb80000)
  to   space 1024K, 0% used [0x00000007eb980000,0x00000007eb980000,0x00000007eba80000)
 ParOldGen       total 122368K, used 110458K [0x00000007c0000000, 0x00000007c7780000, 0x00000007eab00000)
  object space 122368K, 90% used [0x00000007c0000000,0x00000007c6bde860,0x00000007c7780000)
 Metaspace       used 68724K, capacity 71740K, committed 72192K, reserved 1114112K
  class space    used 6318K, capacity 7372K, committed 7424K, reserved 1048576K
}
Event: 10260.743 GC heap after
{Heap after GC invocations=396 (full 9):
 PSYoungGen      total 11776K, used 160K [0x00000007eab00000, 0x00000007ebb00000, 0x0000000800000000)
  eden space 10752K, 0% used [0x00000007eab00000,0x00000007eab00000,0x00000007eb580000)
  from space 1024K, 15% used [0x00000007eb980000,0x00000007eb9a8000,0x00000007eba80000)
  to   space 512K, 0% used [0x00000007eba80000,0x00000007eba80000,0x00000007ebb00000)
 ParOldGen       total 122368K, used 110490K [0x00000007c0000000, 0x00000007c7780000, 0x00000007eab00000)
  object space 122368K, 90% used [0x00000007c0000000,0x00000007c6be6808,0x00000007c7780000)
 Metaspace       used 68724K, capacity 71740K, committed 72192K, reserved 1114112K
  class space    used 6318K, capacity 7372K, committed 7424K, reserved 1048576K
}
Event: 10261.604 GC heap before
{Heap before GC invocations=397 (full 9):
 PSYoungGen      total 11776K, used 10912K [0x00000007eab00000, 0x00000007ebb00000, 0x0000000800000000)
  eden space 10752K, 100% used [0x00000007eab00000,0x00000007eb580000,0x00000007eb580000)
  from space 1024K, 15% used [0x00000007eb980000,0x00000007eb9a8000,0x00000007eba80000)
  to   space 512K, 0% used [0x00000007eba80000,0x00000007eba80000,0x00000007ebb00000)
 ParOldGen       total 122368K, used 110490K [0x00000007c0000000, 0x00000007c7780000, 0x00000007eab00000)
  object space 122368K, 90% used [0x00000007c0000000,0x00000007c6be6808,0x00000007c7780000)
 Metaspace       used 68724K, capacity 71740K, committed 72192K, reserved 1114112K
  class space    used 6318K, capacity 7372K, committed 7424K, reserved 1048576K
}
Event: 10261.657 GC heap after
{Heap after GC invocations=397 (full 9):
 PSYoungGen      total 9728K, used 501K [0x00000007eab00000, 0x00000007ec280000, 0x0000000800000000)
  eden space 9216K, 0% used [0x00000007eab00000,0x00000007eab00000,0x00000007eb400000)
  from space 512K, 97% used [0x00000007eba80000,0x00000007ebafd620,0x00000007ebb00000)
  to   space 6656K, 0% used [0x00000007eb400000,0x00000007eb400000,0x00000007eba80000)
 ParOldGen       total 122368K, used 115502K [0x00000007c0000000, 0x00000007c7780000, 0x00000007eab00000)
  object space 122368K, 94% used [0x00000007c0000000,0x00000007c70cbb78,0x00000007c7780000)
 Metaspace       used 68724K, capacity 71740K, committed 72192K, reserved 1114112K
  class space    used 6318K, capacity 7372K, committed 7424K, reserved 1048576K
}
Event: 10261.743 GC heap before
{Heap before GC invocations=398 (full 9):
 PSYoungGen      total 9728K, used 9717K [0x00000007eab00000, 0x00000007ec280000, 0x0000000800000000)
  eden space 9216K, 99% used [0x00000007eab00000,0x00000007eb3fffe0,0x00000007eb400000)
  from space 512K, 97% used [0x00000007eba80000,0x00000007ebafd620,0x00000007ebb00000)
  to   space 6656K, 0% used [0x00000007eb400000,0x00000007eb400000,0x00000007eba80000)
 ParOldGen       total 122368K, used 115502K [0x00000007c0000000, 0x00000007c7780000, 0x00000007eab00000)
  object space 122368K, 94% used [0x00000007c0000000,0x00000007c70cbb78,0x00000007c7780000)
 Metaspace       used 68725K, capacity 71740K, committed 72192K, reserved 1114112K
  class space    used 6318K, capacity 7372K, committed 7424K, reserved 1048576K
}
Event: 10261.759 GC heap after
{Heap after GC invocations=398 (full 9):
 PSYoungGen      total 14848K, used 5167K [0x00000007eab00000, 0x00000007ebf00000, 0x0000000800000000)
  eden space 9216K, 0% used [0x00000007eab00000,0x00000007eab00000,0x00000007eb400000)
  from space 5632K, 91% used [0x00000007eb400000,0x00000007eb90be60,0x00000007eb980000)
  to   space 5632K, 0% used [0x00000007eb980000,0x00000007eb980000,0x00000007ebf00000)
 ParOldGen       total 122368K, used 116001K [0x00000007c0000000, 0x00000007c7780000, 0x00000007eab00000)
  object space 122368K, 94% used [0x00000007c0000000,0x00000007c71485c0,0x00000007c7780000)
 Metaspace       used 68725K, capacity 71740K, committed 72192K, reserved 1114112K
  class space    used 6318K, capacity 7372K, committed 7424K, reserved 1048576K
}
Event: 10261.809 GC heap before
{Heap before GC invocations=399 (full 9):
 PSYoungGen      total 14848K, used 14383K [0x00000007eab00000, 0x00000007ebf00000, 0x0000000800000000)
  eden space 9216K, 100% used [0x00000007eab00000,0x00000007eb400000,0x00000007eb400000)
  from space 5632K, 91% used [0x00000007eb400000,0x00000007eb90be60,0x00000007eb980000)
  to   space 5632K, 0% used [0x00000007eb980000,0x00000007eb980000,0x00000007ebf00000)
 ParOldGen       total 122368K, used 116001K [0x00000007c0000000, 0x00000007c7780000, 0x00000007eab00000)
  object space 122368K, 94% used [0x00000007c0000000,0x00000007c71485c0,0x00000007c7780000)
 Metaspace       used 68726K, capacity 71740K, committed 72192K, reserved 1114112K
  class space    used 6318K, capacity 7372K, committed 7424K, reserved 1048576K
}
Event: 10261.852 GC heap after
{Heap after GC invocations=399 (full 9):
 PSYoungGen      total 7680K, used 5631K [0x00000007eab00000, 0x00000007ecf00000, 0x0000000800000000)
  eden space 2048K, 0% used [0x00000007eab00000,0x00000007eab00000,0x00000007ead00000)
  from space 5632K, 99% used [0x00000007eb980000,0x00000007ebeffe70,0x00000007ebf00000)
  to   space 12800K, 0% used [0x00000007ead00000,0x00000007ead00000,0x00000007eb980000)
 ParOldGen       total 122368K, used 121605K [0x00000007c0000000, 0x00000007c7780000, 0x00000007eab00000)
  object space 122368K, 99% used [0x00000007c0000000,0x00000007c76c1598,0x00000007c7780000)
 Metaspace       used 68726K, capacity 71740K, committed 72192K, reserved 1114112K
  class space    used 6318K, capacity 7372K, committed 7424K, reserved 1048576K
}
Event: 10261.853 GC heap before
{Heap before GC invocations=400 (full 10):
 PSYoungGen      total 7680K, used 5631K [0x00000007eab00000, 0x00000007ecf00000, 0x0000000800000000)
  eden space 2048K, 0% used [0x00000007eab00000,0x00000007eab00000,0x00000007ead00000)
  from space 5632K, 99% used [0x00000007eb980000,0x00000007ebeffe70,0x00000007ebf00000)
  to   space 12800K, 0% used [0x00000007ead00000,0x00000007ead00000,0x00000007eb980000)
 ParOldGen       total 122368K, used 121605K [0x00000007c0000000, 0x00000007c7780000, 0x00000007eab00000)
  object space 122368K, 99% used [0x00000007c0000000,0x00000007c76c1598,0x00000007c7780000)
 Metaspace       used 68726K, capacity 71740K, committed 72192K, reserved 1114112K
  class space    used 6318K, capacity 7372K, committed 7424K, reserved 1048576K
}

