# JRE version: OpenJDK Runtime Environment AdoptOpenJDK (11.0.9+11) (build 11.0.9+11)
# Java VM: OpenJDK 64-Bit Server VM AdoptOpenJDK (11.0.9+11, mixed mode, tiered, compressed oops, parallel gc, bsd-amd64)
Heap:
 PSYoungGen      total 8192K, used 4067K [0x00000007eab00000, 0x00000007eb600000, 0x0000000800000000)
  eden space 6144K, 47% used [0x00000007eab00000,0x00000007eaddcea0,0x00000007eb100000)
  from space 2048K, 55% used [0x00000007eb200000,0x00000007eb31c010,0x00000007eb400000)
  to   space 1536K, 0% used [0x00000007eb480000,0x00000007eb480000,0x00000007eb600000)
 ParOldGen       total 113664K, used 92460K [0x00000007c0000000, 0x00000007c6f00000, 0x00000007eab00000)
  object space 113664K, 81% used [0x00000007c0000000,0x00000007c5a4b330,0x00000007c6f00000)
 Metaspace       used 67400K, capacity 70486K, committed 70784K, reserved 1112064K
  class space    used 6424K, capacity 7501K, committed 7552K, reserved 1048576K
GC Heap History (20 events):
Event: 453.622 GC heap before
{Heap before GC invocations=500 (full 16):
 PSYoungGen      total 7680K, used 7680K [0x00000007eab00000, 0x00000007eb780000, 0x0000000800000000)
  eden space 7168K, 100% used [0x00000007eab00000,0x00000007eb200000,0x00000007eb200000)
  from space 512K, 100% used [0x00000007eb680000,0x00000007eb700000,0x00000007eb700000)
  to   space 512K, 0% used [0x00000007eb700000,0x00000007eb700000,0x00000007eb780000)
 ParOldGen       total 112128K, used 107965K [0x00000007c0000000, 0x00000007c6d80000, 0x00000007eab00000)
  object space 112128K, 96% used [0x00000007c0000000,0x00000007c696f570,0x00000007c6d80000)
 Metaspace       used 67044K, capacity 70149K, committed 70528K, reserved 1112064K
  class space    used 6389K, capacity 7495K, committed 7552K, reserved 1048576K
}
Event: 453.635 GC heap after
{Heap after GC invocations=500 (full 16):
 PSYoungGen      total 7680K, used 512K [0x00000007eab00000, 0x00000007eb780000, 0x0000000800000000)
  eden space 7168K, 0% used [0x00000007eab00000,0x00000007eab00000,0x00000007eb200000)
  from space 512K, 100% used [0x00000007eb700000,0x00000007eb780000,0x00000007eb780000)
  to   space 1536K, 0% used [0x00000007eb480000,0x00000007eb480000,0x00000007eb600000)
 ParOldGen       total 112128K, used 108538K [0x00000007c0000000, 0x00000007c6d80000, 0x00000007eab00000)
  object space 112128K, 96% used [0x00000007c0000000,0x00000007c69fe9f0,0x00000007c6d80000)
 Metaspace       used 67044K, capacity 70149K, committed 70528K, reserved 1112064K
  class space    used 6389K, capacity 7495K, committed 7552K, reserved 1048576K
}
Event: 454.399 GC heap before
{Heap before GC invocations=501 (full 16):
 PSYoungGen      total 7680K, used 7680K [0x00000007eab00000, 0x00000007eb780000, 0x0000000800000000)
  eden space 7168K, 100% used [0x00000007eab00000,0x00000007eb200000,0x00000007eb200000)
  from space 512K, 100% used [0x00000007eb700000,0x00000007eb780000,0x00000007eb780000)
  to   space 1536K, 0% used [0x00000007eb480000,0x00000007eb480000,0x00000007eb600000)
 ParOldGen       total 112128K, used 108538K [0x00000007c0000000, 0x00000007c6d80000, 0x00000007eab00000)
  object space 112128K, 96% used [0x00000007c0000000,0x00000007c69fe9f0,0x00000007c6d80000)
 Metaspace       used 67055K, capacity 70149K, committed 70528K, reserved 1112064K
  class space    used 6389K, capacity 7495K, committed 7552K, reserved 1048576K
}
Event: 454.404 GC heap after
{Heap after GC invocations=501 (full 16):
 PSYoungGen      total 8704K, used 960K [0x00000007eab00000, 0x00000007eb780000, 0x0000000800000000)
  eden space 7168K, 0% used [0x00000007eab00000,0x00000007eab00000,0x00000007eb200000)
  from space 1536K, 62% used [0x00000007eb480000,0x00000007eb570000,0x00000007eb600000)
  to   space 1024K, 0% used [0x00000007eb680000,0x00000007eb680000,0x00000007eb780000)
 ParOldGen       total 112128K, used 109023K [0x00000007c0000000, 0x00000007c6d80000, 0x00000007eab00000)
  object space 112128K, 97% used [0x00000007c0000000,0x00000007c6a77e90,0x00000007c6d80000)
 Metaspace       used 67055K, capacity 70149K, committed 70528K, reserved 1112064K
  class space    used 6389K, capacity 7495K, committed 7552K, reserved 1048576K
}
Event: 454.438 GC heap before
{Heap before GC invocations=502 (full 16):
 PSYoungGen      total 8704K, used 8128K [0x00000007eab00000, 0x00000007eb780000, 0x0000000800000000)
  eden space 7168K, 100% used [0x00000007eab00000,0x00000007eb200000,0x00000007eb200000)
  from space 1536K, 62% used [0x00000007eb480000,0x00000007eb570000,0x00000007eb600000)
  to   space 1024K, 0% used [0x00000007eb680000,0x00000007eb680000,0x00000007eb780000)
 ParOldGen       total 112128K, used 109023K [0x00000007c0000000, 0x00000007c6d80000, 0x00000007eab00000)
  object space 112128K, 97% used [0x00000007c0000000,0x00000007c6a77e90,0x00000007c6d80000)
 Metaspace       used 67070K, capacity 70149K, committed 70528K, reserved 1112064K
  class space    used 6390K, capacity 7495K, committed 7552K, reserved 1048576K
}
Event: 454.456 GC heap after
{Heap after GC invocations=502 (full 16):
 PSYoungGen      total 7680K, used 1007K [0x00000007eab00000, 0x00000007ebc00000, 0x0000000800000000)
  eden space 6656K, 0% used [0x00000007eab00000,0x00000007eab00000,0x00000007eb180000)
  from space 1024K, 98% used [0x00000007eb680000,0x00000007eb77bf50,0x00000007eb780000)
  to   space 5120K, 0% used [0x00000007eb180000,0x00000007eb180000,0x00000007eb680000)
 ParOldGen       total 113152K, used 112163K [0x00000007c0000000, 0x00000007c6e80000, 0x00000007eab00000)
  object space 113152K, 99% used [0x00000007c0000000,0x00000007c6d88ce0,0x00000007c6e80000)
 Metaspace       used 67070K, capacity 70149K, committed 70528K, reserved 1112064K
  class space    used 6390K, capacity 7495K, committed 7552K, reserved 1048576K
}
Event: 454.456 GC heap before
{Heap before GC invocations=503 (full 17):
 PSYoungGen      total 7680K, used 1007K [0x00000007eab00000, 0x00000007ebc00000, 0x0000000800000000)
  eden space 6656K, 0% used [0x00000007eab00000,0x00000007eab00000,0x00000007eb180000)
  from space 1024K, 98% used [0x00000007eb680000,0x00000007eb77bf50,0x00000007eb780000)
  to   space 5120K, 0% used [0x00000007eb180000,0x00000007eb180000,0x00000007eb680000)
 ParOldGen       total 113152K, used 112163K [0x00000007c0000000, 0x00000007c6e80000, 0x00000007eab00000)
  object space 113152K, 99% used [0x00000007c0000000,0x00000007c6d88ce0,0x00000007c6e80000)
 Metaspace       used 67070K, capacity 70149K, committed 70528K, reserved 1112064K
  class space    used 6390K, capacity 7495K, committed 7552K, reserved 1048576K
}
Event: 454.676 GC heap after
{Heap after GC invocations=503 (full 17):
 PSYoungGen      total 11776K, used 0K [0x00000007eab00000, 0x00000007ebb80000, 0x0000000800000000)
  eden space 6656K, 0% used [0x00000007eab00000,0x00000007eab00000,0x00000007eb180000)
  from space 5120K, 0% used [0x00000007eb180000,0x00000007eb180000,0x00000007eb680000)
  to   space 5120K, 0% used [0x00000007eb680000,0x00000007eb680000,0x00000007ebb80000)
 ParOldGen       total 113664K, used 83549K [0x00000007c0000000, 0x00000007c6f00000, 0x00000007eab00000)
  object space 113664K, 73% used [0x00000007c0000000,0x00000007c5197570,0x00000007c6f00000)
 Metaspace       used 67070K, capacity 70149K, committed 70528K, reserved 1112064K
  class space    used 6390K, capacity 7495K, committed 7552K, reserved 1048576K
}
Event: 454.710 GC heap before
{Heap before GC invocations=504 (full 17):
 PSYoungGen      total 11776K, used 6656K [0x00000007eab00000, 0x00000007ebb80000, 0x0000000800000000)
  eden space 6656K, 100% used [0x00000007eab00000,0x00000007eb180000,0x00000007eb180000)
  from space 5120K, 0% used [0x00000007eb180000,0x00000007eb180000,0x00000007eb680000)
  to   space 5120K, 0% used [0x00000007eb680000,0x00000007eb680000,0x00000007ebb80000)
 ParOldGen       total 113664K, used 83549K [0x00000007c0000000, 0x00000007c6f00000, 0x00000007eab00000)
  object space 113664K, 73% used [0x00000007c0000000,0x00000007c5197570,0x00000007c6f00000)
 Metaspace       used 67073K, capacity 70149K, committed 70528K, reserved 1112064K
  class space    used 6390K, capacity 7495K, committed 7552K, reserved 1048576K
}
Event: 454.719 GC heap after
{Heap after GC invocations=504 (full 17):
 PSYoungGen      total 11264K, used 5024K [0x00000007eab00000, 0x00000007ebc80000, 0x0000000800000000)
  eden space 6144K, 0% used [0x00000007eab00000,0x00000007eab00000,0x00000007eb100000)
  from space 5120K, 98% used [0x00000007eb680000,0x00000007ebb68000,0x00000007ebb80000)
  to   space 5632K, 0% used [0x00000007eb100000,0x00000007eb100000,0x00000007eb680000)
 ParOldGen       total 113664K, used 83549K [0x00000007c0000000, 0x00000007c6f00000, 0x00000007eab00000)
  object space 113664K, 73% used [0x00000007c0000000,0x00000007c5197570,0x00000007c6f00000)
 Metaspace       used 67073K, capacity 70149K, committed 70528K, reserved 1112064K
  class space    used 6390K, capacity 7495K, committed 7552K, reserved 1048576K
}
Event: 454.745 GC heap before
{Heap before GC invocations=505 (full 17):
 PSYoungGen      total 11264K, used 11168K [0x00000007eab00000, 0x00000007ebc80000, 0x0000000800000000)
  eden space 6144K, 100% used [0x00000007eab00000,0x00000007eb100000,0x00000007eb100000)
  from space 5120K, 98% used [0x00000007eb680000,0x00000007ebb68000,0x00000007ebb80000)
  to   space 5632K, 0% used [0x00000007eb100000,0x00000007eb100000,0x00000007eb680000)
 ParOldGen       total 113664K, used 83549K [0x00000007c0000000, 0x00000007c6f00000, 0x00000007eab00000)
  object space 113664K, 73% used [0x00000007c0000000,0x00000007c5197570,0x00000007c6f00000)
 Metaspace       used 67074K, capacity 70149K, committed 70528K, reserved 1112064K
  class space    used 6390K, capacity 7495K, committed 7552K, reserved 1048576K
}
Event: 454.753 GC heap after
{Heap after GC invocations=505 (full 17):
 PSYoungGen      total 8192K, used 1920K [0x00000007eab00000, 0x00000007eb700000, 0x0000000800000000)
  eden space 6144K, 0% used [0x00000007eab00000,0x00000007eab00000,0x00000007eb100000)
  from space 2048K, 93% used [0x00000007eb100000,0x00000007eb2e0000,0x00000007eb300000)
  to   space 3072K, 0% used [0x00000007eb400000,0x00000007eb400000,0x00000007eb700000)
 ParOldGen       total 113664K, used 88573K [0x00000007c0000000, 0x00000007c6f00000, 0x00000007eab00000)
  object space 113664K, 77% used [0x00000007c0000000,0x00000007c567f570,0x00000007c6f00000)
 Metaspace       used 67074K, capacity 70149K, committed 70528K, reserved 1112064K
  class space    used 6390K, capacity 7495K, committed 7552K, reserved 1048576K
}
Event: 454.801 GC heap before
{Heap before GC invocations=506 (full 17):
 PSYoungGen      total 8192K, used 8064K [0x00000007eab00000, 0x00000007eb700000, 0x0000000800000000)
  eden space 6144K, 100% used [0x00000007eab00000,0x00000007eb100000,0x00000007eb100000)
  from space 2048K, 93% used [0x00000007eb100000,0x00000007eb2e0000,0x00000007eb300000)
  to   space 3072K, 0% used [0x00000007eb400000,0x00000007eb400000,0x00000007eb700000)
 ParOldGen       total 113664K, used 88573K [0x00000007c0000000, 0x00000007c6f00000, 0x00000007eab00000)
  object space 113664K, 77% used [0x00000007c0000000,0x00000007c567f570,0x00000007c6f00000)
 Metaspace       used 67102K, capacity 70214K, committed 70528K, reserved 1112064K
  class space    used 6390K, capacity 7495K, committed 7552K, reserved 1048576K
}
Event: 454.812 GC heap after
{Heap after GC invocations=506 (full 17):
 PSYoungGen      total 7680K, used 1520K [0x00000007eab00000, 0x00000007eb580000, 0x0000000800000000)
  eden space 6144K, 0% used [0x00000007eab00000,0x00000007eab00000,0x00000007eb100000)
  from space 1536K, 98% used [0x00000007eb400000,0x00000007eb57c010,0x00000007eb580000)
  to   space 2048K, 0% used [0x00000007eb180000,0x00000007eb180000,0x00000007eb380000)
 ParOldGen       total 113664K, used 90423K [0x00000007c0000000, 0x00000007c6f00000, 0x00000007eab00000)
  object space 113664K, 79% used [0x00000007c0000000,0x00000007c584de90,0x00000007c6f00000)
 Metaspace       used 67102K, capacity 70214K, committed 70528K, reserved 1112064K
  class space    used 6390K, capacity 7495K, committed 7552K, reserved 1048576K
}
Event: 455.114 GC heap before
{Heap before GC invocations=507 (full 17):
 PSYoungGen      total 7680K, used 7664K [0x00000007eab00000, 0x00000007eb580000, 0x0000000800000000)
  eden space 6144K, 100% used [0x00000007eab00000,0x00000007eb100000,0x00000007eb100000)
  from space 1536K, 98% used [0x00000007eb400000,0x00000007eb57c010,0x00000007eb580000)
  to   space 2048K, 0% used [0x00000007eb180000,0x00000007eb180000,0x00000007eb380000)
 ParOldGen       total 113664K, used 90423K [0x00000007c0000000, 0x00000007c6f00000, 0x00000007eab00000)
  object space 113664K, 79% used [0x00000007c0000000,0x00000007c584de90,0x00000007c6f00000)
 Metaspace       used 67103K, capacity 70214K, committed 70528K, reserved 1112064K
  class space    used 6390K, capacity 7495K, committed 7552K, reserved 1048576K
}
Event: 455.118 GC heap after
{Heap after GC invocations=507 (full 17):
 PSYoungGen      total 8192K, used 2047K [0x00000007eab00000, 0x00000007eba00000, 0x0000000800000000)
  eden space 6144K, 0% used [0x00000007eab00000,0x00000007eab00000,0x00000007eb100000)
  from space 2048K, 99% used [0x00000007eb180000,0x00000007eb37fea0,0x00000007eb380000)
  to   space 4608K, 0% used [0x00000007eb580000,0x00000007eb580000,0x00000007eba00000)
 ParOldGen       total 113664K, used 92420K [0x00000007c0000000, 0x00000007c6f00000, 0x00000007eab00000)
  object space 113664K, 81% used [0x00000007c0000000,0x00000007c5a41330,0x00000007c6f00000)
 Metaspace       used 67103K, capacity 70214K, committed 70528K, reserved 1112064K
  class space    used 6390K, capacity 7495K, committed 7552K, reserved 1048576K
}
Event: 455.152 GC heap before
{Heap before GC invocations=508 (full 17):
 PSYoungGen      total 8192K, used 8191K [0x00000007eab00000, 0x00000007eba00000, 0x0000000800000000)
  eden space 6144K, 100% used [0x00000007eab00000,0x00000007eb100000,0x00000007eb100000)
  from space 2048K, 99% used [0x00000007eb180000,0x00000007eb37fea0,0x00000007eb380000)
  to   space 4608K, 0% used [0x00000007eb580000,0x00000007eb580000,0x00000007eba00000)
 ParOldGen       total 113664K, used 92420K [0x00000007c0000000, 0x00000007c6f00000, 0x00000007eab00000)
  object space 113664K, 81% used [0x00000007c0000000,0x00000007c5a41330,0x00000007c6f00000)
 Metaspace       used 67103K, capacity 70214K, committed 70528K, reserved 1112064K
  class space    used 6390K, capacity 7495K, committed 7552K, reserved 1048576K
}
Event: 455.154 GC heap after
{Heap after GC invocations=508 (full 17):
 PSYoungGen      total 6656K, used 128K [0x00000007eab00000, 0x00000007eb600000, 0x0000000800000000)
  eden space 6144K, 0% used [0x00000007eab00000,0x00000007eab00000,0x00000007eb100000)
  from space 512K, 25% used [0x00000007eb580000,0x00000007eb5a0000,0x00000007eb600000)
  to   space 2048K, 0% used [0x00000007eb200000,0x00000007eb200000,0x00000007eb400000)
 ParOldGen       total 113664K, used 92444K [0x00000007c0000000, 0x00000007c6f00000, 0x00000007eab00000)
  object space 113664K, 81% used [0x00000007c0000000,0x00000007c5a47330,0x00000007c6f00000)
 Metaspace       used 67103K, capacity 70214K, committed 70528K, reserved 1112064K
  class space    used 6390K, capacity 7495K, committed 7552K, reserved 1048576K
}
Event: 455.191 GC heap before
{Heap before GC invocations=509 (full 17):
 PSYoungGen      total 6656K, used 6272K [0x00000007eab00000, 0x00000007eb600000, 0x0000000800000000)
  eden space 6144K, 100% used [0x00000007eab00000,0x00000007eb100000,0x00000007eb100000)
  from space 512K, 25% used [0x00000007eb580000,0x00000007eb5a0000,0x00000007eb600000)
  to   space 2048K, 0% used [0x00000007eb200000,0x00000007eb200000,0x00000007eb400000)
 ParOldGen       total 113664K, used 92444K [0x00000007c0000000, 0x00000007c6f00000, 0x00000007eab00000)
  object space 113664K, 81% used [0x00000007c0000000,0x00000007c5a47330,0x00000007c6f00000)
 Metaspace       used 67124K, capacity 70214K, committed 70528K, reserved 1112064K
  class space    used 6390K, capacity 7495K, committed 7552K, reserved 1048576K
}
Event: 455.193 GC heap after
{Heap after GC invocations=509 (full 17):
 PSYoungGen      total 8192K, used 1136K [0x00000007eab00000, 0x00000007eb600000, 0x0000000800000000)
  eden space 6144K, 0% used [0x00000007eab00000,0x00000007eab00000,0x00000007eb100000)
  from space 2048K, 55% used [0x00000007eb200000,0x00000007eb31c010,0x00000007eb400000)
  to   space 1536K, 0% used [0x00000007eb480000,0x00000007eb480000,0x00000007eb600000)
 ParOldGen       total 113664K, used 92460K [0x00000007c0000000, 0x00000007c6f00000, 0x00000007eab00000)
  object space 113664K, 81% used [0x00000007c0000000,0x00000007c5a4b330,0x00000007c6f00000)
 Metaspace       used 67124K, capacity 70214K, committed 70528K, reserved 1112064K
  class space    used 6390K, capacity 7495K, committed 7552K, reserved 1048576K
}

